[2023-04-07T01:04:10.800] [WARN] default - Ruta inexistente en el servidor: /socket.io/socket.io.js - Metodo: GET
[2023-04-07T01:04:13.205] [WARN] default - Ruta inexistente en el servidor: /socket.io/socket.io.js - Metodo: GET
[2023-04-07T01:04:17.265] [WARN] default - Ruta inexistente en el servidor: /socket.io/socket.io.js - Metodo: GET
[2023-04-07T01:04:22.692] [WARN] default - Ruta inexistente en el servidor: /socket.io/socket.io.js - Metodo: GET
[2023-04-07T01:04:40.357] [WARN] default - Ruta inexistente en el servidor: /socket.io/socket.io.js - Metodo: GET
[2023-04-07T01:04:42.714] [WARN] default - Ruta inexistente en el servidor: /socket.io/socket.io.js - Metodo: GET
[2023-04-07T09:54:16.368] [WARN] default - Ruta inexistente en el servidor: /socket.io/socket.io.js - Metodo: GET
[2023-04-07T09:54:16.378] [WARN] default - Ruta inexistente en el servidor: /favicon.ico - Metodo: GET
[2023-04-07T09:54:16.926] [WARN] default - Ruta inexistente en el servidor: /assets/favicon.ico - Metodo: GET
[2023-04-07T09:54:19.479] [WARN] default - Ruta inexistente en el servidor: /socket.io/socket.io.js - Metodo: GET
[2023-04-07T09:55:28.965] [WARN] default - Ruta inexistente en el servidor: /socket.io/socket.io.js - Metodo: GET
[2023-04-07T10:31:20.092] [WARN] default - Ruta inexistente en el servidor: /socket.io/socket.io.js - Metodo: GET
[2023-04-07T10:31:33.107] [WARN] default - Ruta inexistente en el servidor: /socket.io/socket.io.js - Metodo: GET
[2023-04-07T10:37:41.584] [WARN] default - Ruta inexistente en el servidor: /socket.io/socket.io.js - Metodo: GET
[2023-04-07T10:37:43.621] [WARN] default - Ruta inexistente en el servidor: /socket.io/socket.io.js - Metodo: GET
[2023-04-07T12:40:52.156] [WARN] default - Ruta inexistente en el servidor: /socket.io/socket.io.js - Metodo: GET
[2023-04-07T12:44:10.038] [WARN] default - Ruta inexistente en el servidor: /socket.io/socket.io.js - Metodo: GET
[2023-04-07T12:44:11.821] [WARN] default - Ruta inexistente en el servidor: /socket.io/socket.io.js - Metodo: GET
[2023-04-07T12:46:13.159] [WARN] default - Ruta inexistente en el servidor: /socket.io/socket.io.js - Metodo: GET
[2023-04-07T12:46:15.517] [WARN] default - Ruta inexistente en el servidor: /socket.io/socket.io.js - Metodo: GET
[2023-04-07T12:46:38.491] [WARN] default - Ruta inexistente en el servidor: /socket.io/socket.io.js - Metodo: GET
[2023-04-07T13:06:36.748] [WARN] default - Ruta inexistente en el servidor: /socket.io/socket.io.js - Metodo: GET
[2023-04-07T13:07:12.890] [WARN] default - Ruta inexistente en el servidor: /socket.io/socket.io.js - Metodo: GET
[2023-04-07T13:08:09.894] [WARN] default - Ruta inexistente en el servidor: /socket.io/socket.io.js - Metodo: GET
[2023-04-07T13:08:39.270] [WARN] default - Ruta inexistente en el servidor: /socket.io/socket.io.js - Metodo: GET
[2023-04-07T13:12:55.263] [WARN] default - Ruta inexistente en el servidor: /socket.io/socket.io.js - Metodo: GET
[2023-04-07T13:13:31.124] [WARN] default - Ruta inexistente en el servidor: /socket.io/socket.io.js - Metodo: GET
[2023-04-07T13:26:17.977] [WARN] default - Ruta inexistente en el servidor: /socket.io/socket.io.js - Metodo: GET
[2023-04-07T13:26:47.608] [WARN] default - Ruta inexistente en el servidor: /socket.io/socket.io.js - Metodo: GET
[2023-04-07T13:34:31.711] [WARN] default - Ruta inexistente en el servidor: /socket.io/socket.io.js - Metodo: GET
[2023-04-07T13:35:03.239] [WARN] default - Ruta inexistente en el servidor: /socket.io/socket.io.js - Metodo: GET
[2023-04-07T13:43:59.940] [WARN] default - Ruta inexistente en el servidor: /socket.io/socket.io.js - Metodo: GET
[2023-04-07T13:44:32.398] [WARN] default - Ruta inexistente en el servidor: /socket.io/socket.io.js - Metodo: GET
[2023-04-07T13:46:52.557] [WARN] default - Ruta inexistente en el servidor: /socket.io/socket.io.js - Metodo: GET
[2023-04-07T13:47:25.000] [WARN] default - Ruta inexistente en el servidor: /socket.io/socket.io.js - Metodo: GET
[2023-04-07T15:27:54.873] [WARN] default - Ruta inexistente en el servidor: /socket.io/socket.io.js - Metodo: GET
[2023-04-07T15:28:26.712] [WARN] default - Ruta inexistente en el servidor: /socket.io/socket.io.js - Metodo: GET
[2023-04-07T15:30:28.702] [WARN] default - Ruta inexistente en el servidor: /socket.io/socket.io.js - Metodo: GET
[2023-04-07T15:31:43.741] [WARN] default - Ruta inexistente en el servidor: /socket.io/socket.io.js - Metodo: GET
[2023-04-07T15:38:34.073] [WARN] default - Ruta inexistente en el servidor: /socket.io/socket.io.js - Metodo: GET
[2023-04-07T15:41:06.892] [WARN] default - Ruta inexistente en el servidor: /socket.io/socket.io.js - Metodo: GET
[2023-04-07T15:41:36.459] [WARN] default - Ruta inexistente en el servidor: /socket.io/socket.io.js - Metodo: GET
[2023-04-07T15:58:34.653] [WARN] default - Ruta inexistente en el servidor: /socket.io/socket.io.js - Metodo: GET
[2023-04-07T16:00:24.263] [WARN] default - Ruta inexistente en el servidor: /socket.io/socket.io.js - Metodo: GET
[2023-04-07T16:04:51.835] [WARN] default - Ruta inexistente en el servidor: /socket.io/socket.io.js - Metodo: GET
[2023-04-07T16:06:59.973] [WARN] default - Ruta inexistente en el servidor: /socket.io/socket.io.js - Metodo: GET
[2023-04-07T16:07:23.653] [WARN] default - Ruta inexistente en el servidor: /socket.io/socket.io.js - Metodo: GET
[2023-04-07T16:13:20.469] [WARN] default - Ruta inexistente en el servidor: /socket.io/socket.io.js - Metodo: GET
[2023-04-07T16:13:39.927] [WARN] default - Ruta inexistente en el servidor: /socket.io/socket.io.js - Metodo: GET
[2023-04-07T16:13:41.532] [WARN] default - Ruta inexistente en el servidor: /socket.io/socket.io.js - Metodo: GET
[2023-04-07T16:14:13.755] [WARN] default - Ruta inexistente en el servidor: /socket.io/socket.io.js - Metodo: GET
[2023-04-07T16:15:30.778] [WARN] default - Ruta inexistente en el servidor: /socket.io/socket.io.js - Metodo: GET
[2023-04-07T16:16:51.159] [WARN] default - Ruta inexistente en el servidor: /socket.io/socket.io.js - Metodo: GET
[2023-04-07T16:17:23.918] [WARN] default - Ruta inexistente en el servidor: /socket.io/socket.io.js - Metodo: GET
[2023-04-07T16:19:02.780] [WARN] default - Ruta inexistente en el servidor: /socket.io/socket.io.js - Metodo: GET
[2023-04-07T16:19:23.352] [WARN] default - Ruta inexistente en el servidor: /socket.io/socket.io.js - Metodo: GET
[2023-04-07T16:19:35.415] [WARN] default - Ruta inexistente en el servidor: /socket.io/socket.io.js - Metodo: GET
[2023-04-07T16:24:20.280] [WARN] default - Ruta inexistente en el servidor: /socket.io/socket.io.js - Metodo: GET
[2023-04-07T16:24:22.318] [WARN] default - Ruta inexistente en el servidor: /socket.io/socket.io.js - Metodo: GET
[2023-04-07T16:24:27.919] [WARN] default - Ruta inexistente en el servidor: /socket.io/socket.io.js - Metodo: GET
[2023-04-07T16:24:27.926] [WARN] default - Ruta inexistente en el servidor: /src/storage/imgs/UserImage-1680895163234.png - Metodo: GET
[2023-04-07T16:24:45.991] [WARN] default - Ruta inexistente en el servidor: /src/storage/imgs/UserImage-1680895163234.png - Metodo: GET
[2023-04-07T16:25:04.331] [WARN] default - Ruta inexistente en el servidor: /public/UserImage-1680895163234.png - Metodo: GET
[2023-04-07T16:26:28.150] [WARN] default - Ruta inexistente en el servidor: /public/UserImage-1680895163234.png - Metodo: GET
[2023-04-07T16:26:30.256] [WARN] default - Ruta inexistente en el servidor: /public/UserImage-1680895163234.png - Metodo: GET
[2023-04-07T16:31:34.206] [WARN] default - Ruta inexistente en el servidor: /socket.io/socket.io.js - Metodo: GET
[2023-04-07T16:31:41.589] [WARN] default - Ruta inexistente en el servidor: /socket.io/socket.io.js - Metodo: GET
[2023-04-07T16:32:26.867] [WARN] default - Ruta inexistente en el servidor: /socket.io/socket.io.js - Metodo: GET
[2023-04-07T16:32:31.762] [WARN] default - Ruta inexistente en el servidor: /socket.io/socket.io.js - Metodo: GET
[2023-04-07T16:33:00.990] [WARN] default - Ruta inexistente en el servidor: /socket.io/socket.io.js - Metodo: GET
[2023-04-07T16:33:04.798] [WARN] default - Ruta inexistente en el servidor: /socket.io/socket.io.js - Metodo: GET
[2023-04-07T16:34:03.550] [WARN] default - Ruta inexistente en el servidor: /socket.io/socket.io.js - Metodo: GET
[2023-04-07T16:34:07.990] [WARN] default - Ruta inexistente en el servidor: /socket.io/socket.io.js - Metodo: GET
[2023-04-07T16:36:18.482] [WARN] default - Ruta inexistente en el servidor: /socket.io/socket.io.js - Metodo: GET
[2023-04-07T16:36:20.671] [WARN] default - Ruta inexistente en el servidor: /socket.io/socket.io.js - Metodo: GET
[2023-04-08T09:54:57.247] [WARN] default - Ruta inexistente en el servidor: /socket.io/socket.io.js - Metodo: GET
[2023-04-08T10:00:35.926] [WARN] default - Ruta inexistente en el servidor: /socket.io/socket.io.js - Metodo: GET
[2023-04-08T10:01:55.000] [WARN] default - Ruta inexistente en el servidor: /socket.io/socket.io.js - Metodo: GET
[2023-04-08T10:08:52.864] [WARN] default - Ruta inexistente en el servidor: /socket.io/socket.io.js - Metodo: GET
[2023-04-08T10:09:34.681] [WARN] default - Ruta inexistente en el servidor: /socket.io/socket.io.js - Metodo: GET
[2023-04-08T10:21:48.215] [WARN] default - Ruta inexistente en el servidor: /socket.io/socket.io.js - Metodo: GET
[2023-04-08T10:22:36.648] [WARN] default - Ruta inexistente en el servidor: /socket.io/socket.io.js - Metodo: GET
[2023-04-08T10:26:18.746] [WARN] default - Ruta inexistente en el servidor: /socket.io/socket.io.js - Metodo: GET
[2023-04-08T10:27:05.477] [WARN] default - Ruta inexistente en el servidor: /socket.io/socket.io.js - Metodo: GET
[2023-04-08T10:29:06.137] [WARN] default - Ruta inexistente en el servidor: /socket.io/socket.io.js - Metodo: GET
[2023-04-08T10:29:34.940] [WARN] default - Ruta inexistente en el servidor: /socket.io/socket.io.js - Metodo: GET
[2023-04-08T10:30:16.461] [WARN] default - Ruta inexistente en el servidor: /socket.io/socket.io.js - Metodo: GET
[2023-04-08T10:30:52.213] [WARN] default - Ruta inexistente en el servidor: /socket.io/socket.io.js - Metodo: GET
[2023-04-08T17:05:43.045] [WARN] default - Ruta inexistente en el servidor: /socket.io/socket.io.js - Metodo: GET
[2023-04-08T17:05:45.455] [WARN] default - Ruta inexistente en el servidor: /socket.io/socket.io.js - Metodo: GET
[2023-04-08T17:06:21.172] [WARN] default - Ruta inexistente en el servidor: /socket.io/socket.io.js - Metodo: GET
[2023-04-08T17:07:58.744] [WARN] default - Ruta inexistente en el servidor: /socket.io/socket.io.js - Metodo: GET
[2023-04-08T17:08:25.502] [WARN] default - Ruta inexistente en el servidor: /socket.io/socket.io.js - Metodo: GET
[2023-04-08T17:11:04.619] [WARN] default - Ruta inexistente en el servidor: /socket.io/socket.io.js - Metodo: GET
[2023-04-08T17:11:34.623] [WARN] default - Ruta inexistente en el servidor: /socket.io/socket.io.js - Metodo: GET
[2023-04-08T17:18:39.092] [WARN] default - Ruta inexistente en el servidor: /socket.io/socket.io.js - Metodo: GET
[2023-04-08T17:18:43.281] [WARN] default - Ruta inexistente en el servidor: /socket.io/socket.io.js - Metodo: GET
[2023-04-08T17:18:45.327] [WARN] default - Ruta inexistente en el servidor: /socket.io/socket.io.js - Metodo: GET
[2023-04-08T17:18:54.479] [WARN] default - Ruta inexistente en el servidor: /socket.io/socket.io.js - Metodo: GET
[2023-04-08T17:18:58.471] [WARN] default - Ruta inexistente en el servidor: /socket.io/socket.io.js - Metodo: GET
[2023-04-08T17:19:00.503] [WARN] default - Ruta inexistente en el servidor: /socket.io/socket.io.js - Metodo: GET
[2023-04-08T17:19:08.181] [WARN] default - Ruta inexistente en el servidor: /socket.io/socket.io.js - Metodo: GET
[2023-04-08T17:24:16.897] [WARN] default - Ruta inexistente en el servidor: /socket.io/socket.io.js - Metodo: GET
[2023-04-08T17:24:18.943] [WARN] default - Ruta inexistente en el servidor: /socket.io/socket.io.js - Metodo: GET
[2023-04-08T17:24:25.449] [WARN] default - Ruta inexistente en el servidor: /socket.io/socket.io.js - Metodo: GET
[2023-04-08T17:24:25.454] [WARN] default - Ruta inexistente en el servidor: /public/undefined - Metodo: GET
[2023-04-08T17:24:30.465] [WARN] default - Ruta inexistente en el servidor: /public/undefined - Metodo: GET
[2023-04-08T21:01:18.779] [WARN] default - Ruta inexistente en el servidor: /socket.io/socket.io.js - Metodo: GET
[2023-04-08T21:01:21.412] [WARN] default - Ruta inexistente en el servidor: /socket.io/socket.io.js - Metodo: GET
[2023-04-08T21:05:43.219] [WARN] default - Ruta inexistente en el servidor: /public/undefined - Metodo: GET
[2023-04-08T21:43:21.192] [WARN] default - Ruta inexistente en el servidor: /public/undefined - Metodo: GET
[2023-04-08T21:46:03.914] [WARN] default - Ruta inexistente en el servidor: /public/undefined - Metodo: GET
[2023-04-08T23:50:36.632] [WARN] default - Ruta inexistente en el servidor: /productos - Metodo: POST
[2023-04-09T10:15:56.261] [WARN] default - Ruta inexistente en el servidor: /lproducts - Metodo: POST
[2023-04-09T11:01:54.512] [WARN] default - Ruta inexistente en el servidor: /cart - Metodo: GET
[2023-04-09T11:08:07.311] [WARN] default - Ruta inexistente en el servidor: /cart - Metodo: GET
[2023-04-09T11:23:11.824] [WARN] default - Ruta inexistente en el servidor: /cart - Metodo: GET
[2023-04-09T11:23:42.616] [WARN] default - Ruta inexistente en el servidor: /cart - Metodo: GET
[2023-04-09T11:27:49.834] [WARN] default - Ruta inexistente en el servidor: /undefined - Metodo: GET
[2023-04-09T11:29:01.619] [WARN] default - Ruta inexistente en el servidor: /undefined - Metodo: GET
[2023-04-09T11:29:40.299] [WARN] default - Ruta inexistente en el servidor: /undefined - Metodo: GET
[2023-04-09T11:33:51.713] [WARN] default - Ruta inexistente en el servidor: /cart - Metodo: GET
[2023-04-09T11:35:04.260] [WARN] default - Ruta inexistente en el servidor: /cart - Metodo: GET
[2023-04-09T18:52:12.183] [WARN] default - Ruta inexistente en el servidor: /api/auth/login - Metodo: POST
[2023-04-09T18:52:46.917] [WARN] default - Ruta inexistente en el servidor: /api/auth/singup - Metodo: POST
[2023-04-09T18:53:17.127] [WARN] default - Ruta inexistente en el servidor: /api/auth/logoff - Metodo: POST
[2023-04-09T19:47:57.701] [WARN] default - Ruta inexistente en el servidor: /api/carts/ - Metodo: GET
[2023-04-09T19:53:50.589] [WARN] default - Ruta inexistente en el servidor: /api/productos - Metodo: POST
[2023-04-09T19:54:32.417] [WARN] default - Ruta inexistente en el servidor: /api/signup - Metodo: POST
[2023-04-09T19:58:19.867] [WARN] default - Ruta inexistente en el servidor: /api/auth/signup - Metodo: GET
[2023-04-09T20:00:57.024] [WARN] default - Ruta inexistente en el servidor: /api/auth/singup - Metodo: POST
[2023-04-09T20:03:19.131] [WARN] default - Ruta inexistente en el servidor: /api/productos/?id=64322f09b14c0def8068c7b7 - Metodo: DELETE
[2023-04-09T20:05:37.545] [WARN] default - Ruta inexistente en el servidor: /api/productos/?id=6432b5dcad84ab6e75aa536f - Metodo: DELETE
[2023-04-09T20:05:46.798] [WARN] default - Ruta inexistente en el servidor: /api/productos?id=6432b5dcad84ab6e75aa536f - Metodo: DELETE
[2023-04-09T20:13:29.360] [WARN] default - Ruta inexistente en el servidor: /api/productos - Metodo: PUT
[2023-04-09T20:14:52.697] [WARN] default - Ruta inexistente en el servidor: /api/auth/signup - Metodo: GET
[2023-04-09T20:21:41.731] [WARN] default - Ruta inexistente en el servidor: /api/auth/profile - Metodo: GET
[2023-04-09T20:23:43.033] [WARN] default - Ruta inexistente en el servidor: /api/auth/profile - Metodo: GET
[2023-04-09T20:27:21.935] [WARN] default - Ruta inexistente en el servidor: /api/auth/signup - Metodo: GET
[2023-04-09T20:28:36.086] [WARN] default - Ruta inexistente en el servidor: /api/auth/signup - Metodo: GET
[2023-04-09T20:37:49.506] [WARN] default - Ruta inexistente en el servidor: /api/carritos/64334b15f1ee7d80aeec6d25 - Metodo: POST
[2023-04-09T20:47:06.166] [WARN] default - Ruta inexistente en el servidor: /login - Metodo: POST
[2023-04-10T00:52:05.570] [WARN] default - Ruta inexistente en el servidor: /api/carritos/aviso-whatsapp - Metodo: POST
[2023-04-10T00:59:57.788] [WARN] default - Ruta inexistente en el servidor: /api/auth/singup - Metodo: POST
[2023-05-02T00:48:15.108] [WARN] default - Ruta inexistente en el servidor: /products - Metodo: GET
[2023-05-02T00:51:43.625] [WARN] default - Ruta inexistente en el servidor: /api/auth/ - Metodo: GET
[2023-05-02T00:51:53.880] [WARN] default - Ruta inexistente en el servidor: /api/auth/singup/ - Metodo: GET
[2023-05-02T00:52:21.194] [WARN] default - Ruta inexistente en el servidor: /api/auth/singup/ - Metodo: POST
[2023-05-02T21:25:30.898] [WARN] default - Ruta inexistente en el servidor: /api/auth/signup/ - Metodo: GET
[2023-05-11T22:57:09.971] [WARN] default - Ruta inexistente en el servidor: /api/login - Metodo: GET
[2023-05-11T22:57:17.545] [WARN] default - Ruta inexistente en el servidor: /api/login - Metodo: POST
[2023-05-11T22:57:23.487] [WARN] default - Ruta inexistente en el servidor: /login - Metodo: POST
[2023-05-11T22:57:54.765] [WARN] default - Ruta inexistente en el servidor: /signup - Metodo: POST
[2023-05-11T22:58:14.321] [WARN] default - Ruta inexistente en el servidor: /signup/ - Metodo: POST
[2023-05-11T22:58:41.216] [WARN] default - Ruta inexistente en el servidor: /api/signup/ - Metodo: POST
[2023-05-11T22:58:47.895] [WARN] default - Ruta inexistente en el servidor: /api/signup - Metodo: POST
[2023-05-13T11:37:47.465] [WARN] default - Ruta inexistente en el servidor: /api/auth - Metodo: POST
[2023-05-13T11:38:01.391] [WARN] default - Ruta inexistente en el servidor: /api/auth/sign - Metodo: POST
[2023-05-13T11:38:16.465] [WARN] default - Ruta inexistente en el servidor: /api/auht/sign - Metodo: POST
[2023-05-13T13:52:23.286] [WARN] default - Ruta inexistente en el servidor: /api/products - Metodo: GET
[2023-05-13T14:25:41.107] [WARN] default - Ruta inexistente en el servidor: /api/users - Metodo: GET
[2023-05-13T14:46:36.031] [WARN] default - Ruta inexistente en el servidor: /api/auth - Metodo: POST
